Arguments: 
  C:\Program Files\nodejs\node.exe C:\Users\evergreen\AppData\Roaming\npm\node_modules\yarn\bin\yarn.js add framer-motion

PATH: 
  C:\Users\evergreen\bin;C:\Program Files\Git\mingw64\bin;C:\Program Files\Git\usr\local\bin;C:\Program Files\Git\usr\bin;C:\Program Files\Git\usr\bin;C:\Program Files\Git\mingw64\bin;C:\Program Files\Git\usr\bin;C:\Users\evergreen\bin;C:\Program Files\Common Files\Oracle\Java\javapath;C:\Windows\system32;C:\Windows;C:\Windows\System32\Wbem;C:\Windows\System32\WindowsPowerShell\v1.0;C:\Windows\System32\OpenSSH;C:\Program Files\Git\cmd;%NVM_HOME%;%NVM_SYMLINK%;C:\xampp\php;C:\ProgramData\ComposerSetup\bin;C:\Users\evergreen\AppData\Local\Android\Sdk\tools;C:\Users\evergreen\AppData\Local\Android\Sdk\tools;C:\Users\evergreen\AppData\Local\Programs\Python\Python312\Scripts;C:\Users\evergreen\AppData\Local\Programs\Python\Python312;C:\Users\evergreen\.console-ninja\.bin;C:\Users\evergreen\.console-ninja\.bin;C:\Users\evergreen\AppData\Local\Microsoft\WindowsApps;C:\Users\evergreen\AppData\Roaming\npm;C:\Users\evergreen\AppData\Local\Programs\Microsoft VS Code\bin;C:\Users\evergreen\AppData\Local\GitHubDesktop\bin;C:\Hugo\bin;C:\Users\evergreen\AppData\Roaming\nvm;C:\Program Files\nodejs;C:\Users\evergreen\AppData\Local\Android\Sdk\platform-tools;C:\Users\evergreen\AppData\Roaming\Composer\vendor\bin;C:\Program Files\Git\usr\bin\vendor_perl;C:\Program Files\Git\usr\bin\core_perl

Yarn version: 
  1.22.19

Node version: 
  18.17.1

Platform: 
  win32 x64

Trace: 
  Error: EPERM: operation not permitted, unlink 'C:\Users\evergreen\Desktop\dev\Evergreenx-dev\colorx\node_modules\@esbuild\win32-x64\esbuild.exe'

npm manifest: 
  {
    "name": "colorx",
    "private": true,
    "sideEffects": false,
    "type": "module",
    "scripts": {
      "build": "remix build",
      "dev": "remix dev --manual",
      "lint": "eslint --ignore-path .gitignore --cache --cache-location ./node_modules/.cache/eslint .",
      "start": "remix-serve ./build/index.js",
      "typecheck": "tsc"
    },
    "dependencies": {
      "@radix-ui/react-slot": "^1.0.2",
      "@remix-run/css-bundle": "^2.4.1",
      "@remix-run/node": "^2.4.1",
      "@remix-run/react": "^2.4.1",
      "@remix-run/serve": "^2.4.1",
      "class-variance-authority": "^0.7.0",
      "clsx": "^2.1.0",
      "isbot": "^3.6.8",
      "lucide-react": "^0.309.0",
      "react": "^18.2.0",
      "react-dom": "^18.2.0",
      "tailwind-merge": "^2.2.0",
      "tailwindcss-animate": "^1.0.7"
    },
    "devDependencies": {
      "@remix-run/dev": "^2.4.1",
      "@types/react": "^18.2.20",
      "@types/react-dom": "^18.2.7",
      "@typescript-eslint/eslint-plugin": "^6.7.4",
      "autoprefixer": "^10.4.16",
      "eslint": "^8.38.0",
      "eslint-config-prettier": "^9.0.0",
      "eslint-import-resolver-typescript": "^3.6.1",
      "eslint-plugin-import": "^2.28.1",
      "eslint-plugin-jsx-a11y": "^6.7.1",
      "eslint-plugin-react": "^7.33.2",
      "eslint-plugin-react-hooks": "^4.6.0",
      "tailwindcss": "^3.4.1",
      "typescript": "^5.1.6"
    },
    "engines": {
      "node": ">=18.0.0"
    }
  }

yarn manifest: 
  No manifest

Lockfile: 
  No lockfile
